<?xml version="1.0" encoding="UTF-8"?>
<!-- Generated by org.testng.reporters.JUnitReportReporter -->
<testsuite hostname="DESKTOP-PUDH0NN" failures="0" tests="1" name="org.injector.tests.SqlInjectorTest" time="3.503" errors="0" timestamp="2024-01-12T14:06:48 EET" skipped="0">
  <testcase classname="org.injector.tests.SqlInjectorTest" name="sqlInjectionTest" time="3.503"/>
</testsuite> <!-- org.injector.tests.SqlInjectorTest -->
