<?xml version="1.0" encoding="UTF-8"?>
<!-- Generated by org.testng.reporters.JUnitReportReporter -->
<testsuite hostname="DESKTOP-PUDH0NN" failures="0" tests="1" name="org.injector.tests.SqlInjectorTest" time="3.047" errors="0" timestamp="2024-01-11T22:35:37 EET" skipped="0">
  <testcase classname="org.injector.tests.SqlInjectorTest" name="sqlInjectionTest" time="3.047"/>
</testsuite> <!-- org.injector.tests.SqlInjectorTest -->
